  Tank.cpp
C:\Users\ChangMin\source\repos\0910\Tank.h(52,22): warning C4244: '=': 'FLOAT'에서 'LONG'(으)로 변환하면서 데이터가 손실될 수 있습니다.
C:\Users\ChangMin\source\repos\0910\Tank.h(53,21): warning C4244: '=': 'FLOAT'에서 'LONG'(으)로 변환하면서 데이터가 손실될 수 있습니다.
C:\Users\ChangMin\source\repos\0910\Tank.cpp(11,21): warning C4244: '=': 'FLOAT'에서 'LONG'(으)로 변환하면서 데이터가 손실될 수 있습니다.
C:\Users\ChangMin\source\repos\0910\Tank.cpp(12,20): warning C4244: '=': 'FLOAT'에서 'LONG'(으)로 변환하면서 데이터가 손실될 수 있습니다.
C:\Users\ChangMin\source\repos\0910\Tank.cpp(19,37): warning C4305: '=': 'double'에서 'float'(으)로 잘립니다.
C:\Users\ChangMin\source\repos\0910\Tank.cpp(25,22): warning C4244: '=': 'double'에서 'FLOAT'(으)로 변환하면서 데이터가 손실될 수 있습니다.
C:\Users\ChangMin\source\repos\0910\Tank.cpp(26,22): warning C4244: '=': 'double'에서 'FLOAT'(으)로 변환하면서 데이터가 손실될 수 있습니다.
C:\Users\ChangMin\source\repos\0910\Tank.cpp(43,22): warning C4244: '=': 'double'에서 'FLOAT'(으)로 변환하면서 데이터가 손실될 수 있습니다.
C:\Users\ChangMin\source\repos\0910\Tank.cpp(44,22): warning C4244: '=': 'double'에서 'FLOAT'(으)로 변환하면서 데이터가 손실될 수 있습니다.
C:\Users\ChangMin\source\repos\0910\Tank.cpp(61,26): warning C4244: '인수': 'FLOAT'에서 'int'(으)로 변환하면서 데이터가 손실될 수 있습니다.
C:\Users\ChangMin\source\repos\0910\Tank.cpp(61,19): warning C4244: '인수': 'FLOAT'에서 'int'(으)로 변환하면서 데이터가 손실될 수 있습니다.
C:\Users\ChangMin\source\repos\0910\Tank.cpp(62,36): warning C4244: '인수': 'FLOAT'에서 'int'(으)로 변환하면서 데이터가 손실될 수 있습니다.
C:\Users\ChangMin\source\repos\0910\Tank.cpp(62,23): warning C4244: '인수': 'FLOAT'에서 'int'(으)로 변환하면서 데이터가 손실될 수 있습니다.
C:\Users\ChangMin\source\repos\0910\Tank.cpp(75,22): warning C4244: '=': 'FLOAT'에서 'LONG'(으)로 변환하면서 데이터가 손실될 수 있습니다.
C:\Users\ChangMin\source\repos\0910\Tank.cpp(76,21): warning C4244: '=': 'FLOAT'에서 'LONG'(으)로 변환하면서 데이터가 손실될 수 있습니다.
C:\Users\ChangMin\source\repos\0910\Tank.cpp(83,22): warning C4244: '=': 'FLOAT'에서 'LONG'(으)로 변환하면서 데이터가 손실될 수 있습니다.
C:\Users\ChangMin\source\repos\0910\Tank.cpp(84,21): warning C4244: '=': 'FLOAT'에서 'LONG'(으)로 변환하면서 데이터가 손실될 수 있습니다.
C:\Users\ChangMin\source\repos\0910\Tank.cpp(92,22): warning C4244: '=': 'FLOAT'에서 'LONG'(으)로 변환하면서 데이터가 손실될 수 있습니다.
C:\Users\ChangMin\source\repos\0910\Tank.cpp(93,21): warning C4244: '=': 'FLOAT'에서 'LONG'(으)로 변환하면서 데이터가 손실될 수 있습니다.
C:\Users\ChangMin\source\repos\0910\Tank.cpp(112,44): warning C4244: '+=': 'double'에서 'float'(으)로 변환하면서 데이터가 손실될 수 있습니다.
C:\Users\ChangMin\source\repos\0910\Tank.cpp(114,22): warning C4244: '=': 'double'에서 'FLOAT'(으)로 변환하면서 데이터가 손실될 수 있습니다.
C:\Users\ChangMin\source\repos\0910\Tank.cpp(115,22): warning C4244: '=': 'double'에서 'FLOAT'(으)로 변환하면서 데이터가 손실될 수 있습니다.
C:\Users\ChangMin\source\repos\0910\Tank.cpp(153,21): warning C4244: '=': 'FLOAT'에서 'LONG'(으)로 변환하면서 데이터가 손실될 수 있습니다.
C:\Users\ChangMin\source\repos\0910\Tank.cpp(154,20): warning C4244: '=': 'FLOAT'에서 'LONG'(으)로 변환하면서 데이터가 손실될 수 있습니다.
C:\Users\ChangMin\source\repos\0910\Tank.cpp(159,22): warning C4244: '=': 'double'에서 'FLOAT'(으)로 변환하면서 데이터가 손실될 수 있습니다.
C:\Users\ChangMin\source\repos\0910\Tank.cpp(160,22): warning C4244: '=': 'double'에서 'FLOAT'(으)로 변환하면서 데이터가 손실될 수 있습니다.
  0911.vcxproj -> C:\Users\ChangMin\source\repos\0911\Debug\0911.exe
